<?xml version="1.0" encoding="UTF-8"?><testsuite errors="1" failures="0" name="Demoaut" skipped="0" tests="1" time="24.48" timestamp="2018-11-08 02:29:48"><testcase name="book a flight on demoaut"><error message="Could not instantiate class org.openqa.selenium.chrome.ChromeDriver" type="net.thucydides.core.webdriver.UnsupportedDriverException">Could not instantiate class org.openqa.selenium.chrome.ChromeDriver</error><system-err>Could not instantiate class org.openqa.selenium.chrome.ChromeDriver&#13;
com.sophos.challenge.demoaut.tasks.OpenTheBrowser.performAs(OpenTheBrowser.java:29)&#13;
com.sophos.challenge.demoaut.stepsdefinitions.ChallengeDemoautStepDefinition.that_i_opened_browser_at_demoaut_home_page(ChallengeDemoautStepDefinition.java:47)&#13;
cucumber.runner.Runner.runPickle(Runner.java:80)&#13;
org.eclipse.jdt.internal.junit4.runner.JUnit4TestReference.run(JUnit4TestReference.java:86)&#13;
org.eclipse.jdt.internal.junit.runner.TestExecution.run(TestExecution.java:38)&#13;
org.eclipse.jdt.internal.junit.runner.RemoteTestRunner.runTests(RemoteTestRunner.java:538)&#13;
org.eclipse.jdt.internal.junit.runner.RemoteTestRunner.runTests(RemoteTestRunner.java:760)&#13;
org.eclipse.jdt.internal.junit.runner.RemoteTestRunner.run(RemoteTestRunner.java:460)&#13;
org.eclipse.jdt.internal.junit.runner.RemoteTestRunner.main(RemoteTestRunner.java:206)&#13;
</system-err></testcase></testsuite>